{"meta": {"version": "7.3.2", "timestamp": "2025-10-08T21:19:25.977860", "branch_coverage": true, "show_contexts": false}, "files": {"app\\__init__.py": {"executed_lines": [1], "summary": {"covered_lines": 0, "num_statements": 0, "percent_covered": 100.0, "percent_covered_display": "100", "missing_lines": 0, "excluded_lines": 0, "num_branches": 0, "num_partial_branches": 0, "covered_branches": 0, "missing_branches": 0}, "missing_lines": [], "excluded_lines": [], "executed_branches": [], "missing_branches": []}, "app\\config\\audit_config.py": {"executed_lines": [1, 8, 12, 41, 47, 53, 54], "summary": {"covered_lines": 6, "num_statements": 6, "percent_covered": 100.0, "percent_covered_display": "100", "missing_lines": 0, "excluded_lines": 0, "num_branches": 0, "num_partial_branches": 0, "covered_branches": 0, "missing_branches": 0}, "missing_lines": [], "excluded_lines": [], "executed_branches": [], "missing_branches": []}, "app\\core\\config.py": {"executed_lines": [1, 5, 6, 7, 9, 10, 14, 15, 16, 19, 20, 21, 24, 25, 31, 38, 39, 40, 41, 45, 46, 47, 48, 51, 52, 53, 54, 57, 58, 59, 62, 63, 64, 67, 68, 69, 71, 72, 80, 81, 84, 85, 88, 89, 92, 93, 96, 97, 100, 101, 102, 105, 106, 107, 108, 110, 111, 113, 123, 124, 128, 129, 133, 134, 144, 145, 154, 156, 157, 160, 161, 162, 163, 164, 167, 169, 171, 172, 173, 175, 176, 180], "summary": {"covered_lines": 79, "num_statements": 93, "percent_covered": 82.11382113821138, "percent_covered_display": "82", "missing_lines": 14, "excluded_lines": 0, "num_branches": 30, "num_partial_branches": 4, "covered_branches": 22, "missing_branches": 8}, "missing_lines": [11, 12, 74, 126, 131, 136, 165, 168, 170, 177, 178, 181, 182, 185], "excluded_lines": [], "executed_branches": [[72, 71], [72, 80], [111, 110], [111, 123], [124, 123], [124, 128], [129, 128], [129, 133], [134, -24], [134, 133], [145, -1], [145, 144], [157, 160], [161, 162], [161, 180], [162, 161], [162, 163], [164, 167], [167, 169], [169, 171], [175, 162], [175, 176]], "missing_branches": [[126, -126], [126, -123], [131, -131], [131, -128], [157, 185], [164, 165], [167, 168], [169, 170]]}, "app\\core\\dependencies.py": {"executed_lines": [1, 5, 6, 7, 8, 9, 10, 11, 12, 13, 15, 16, 17, 18, 19, 21, 27, 30, 44, 50, 51, 56, 57, 58, 59, 60, 61, 63, 65, 66, 68, 70, 71, 73, 75, 76, 80, 81, 92, 93, 172, 173, 175, 215, 217, 219, 220, 221, 222, 223, 295, 297, 329, 357, 390, 421, 461, 496, 497, 501, 502, 506, 507, 511, 512, 516, 518, 519, 520, 521, 526, 527, 528, 529, 538, 539, 540, 541, 546, 548, 550, 551, 552, 553, 554, 555, 565, 578, 580, 581, 582, 583, 584, 585, 594, 604, 606, 607, 608, 609, 614, 615, 616, 617, 626, 636, 663, 664, 669, 675, 676, 681, 684, 743, 749, 830, 859, 861, 866, 870, 871, 872, 876, 880, 884, 888, 904, 905, 911, 916, 921, 922, 928, 932, 946, 955, 960, 968, 969, 974, 979, 980, 985, 990, 991, 996, 1001, 1002, 1010, 1015, 1024, 1034, 1044, 1069], "summary": {"covered_lines": 151, "num_statements": 452, "percent_covered": 33.333333333333336, "percent_covered_display": "33", "missing_lines": 301, "excluded_lines": 0, "num_branches": 118, "num_partial_branches": 5, "covered_branches": 39, "missing_branches": 79}, "missing_lines": [22, 23, 24, 33, 34, 35, 36, 40, 46, 82, 84, 85, 89, 90, 95, 96, 99, 100, 102, 104, 105, 106, 107, 115, 116, 117, 118, 119, 121, 122, 123, 124, 128, 130, 131, 135, 136, 138, 141, 142, 143, 144, 145, 146, 147, 151, 152, 161, 162, 163, 168, 169, 178, 183, 184, 186, 187, 188, 189, 190, 191, 201, 204, 205, 206, 207, 212, 224, 226, 227, 235, 236, 240, 241, 242, 243, 254, 257, 258, 259, 260, 270, 273, 274, 283, 286, 287, 292, 299, 300, 301, 302, 307, 308, 309, 310, 319, 320, 321, 322, 327, 331, 332, 333, 334, 338, 339, 340, 348, 349, 350, 351, 355, 359, 360, 362, 363, 368, 369, 370, 371, 380, 381, 382, 383, 388, 392, 393, 394, 395, 396, 397, 398, 408, 409, 410, 411, 419, 426, 427, 429, 430, 431, 434, 436, 437, 438, 439, 440, 441, 442, 451, 452, 453, 454, 459, 466, 467, 469, 470, 471, 473, 474, 475, 476, 485, 486, 487, 488, 493, 499, 504, 509, 514, 566, 567, 568, 576, 595, 596, 597, 602, 627, 628, 629, 634, 638, 639, 640, 641, 642, 643, 652, 653, 654, 655, 660, 665, 666, 671, 682, 695, 696, 698, 712, 713, 715, 716, 728, 730, 731, 745, 754, 756, 757, 760, 761, 763, 764, 772, 773, 774, 776, 777, 779, 780, 782, 783, 788, 790, 791, 792, 796, 798, 799, 801, 802, 811, 815, 817, 818, 823, 836, 837, 838, 840, 842, 850, 855, 865, 878, 882, 886, 890, 891, 893, 894, 898, 906, 907, 908, 913, 918, 919, 923, 924, 925, 930, 942, 944, 951, 953, 957, 958, 962, 963, 970, 971, 976, 981, 982, 987, 992, 993, 998, 1003, 1004, 1012, 1020, 1021, 1030, 1031, 1039, 1040, 1071, 1072, 1073, 1074, 1075, 1076, 1077], "excluded_lines": [], "executed_branches": [[21, 27], [65, 66], [65, 68], [73, 75], [73, 80], [93, 92], [93, 172], [173, 172], [173, 217], [175, 215], [219, 220], [219, 295], [497, 496], [497, 501], [502, 501], [502, 506], [507, 506], [507, 511], [512, 511], [512, 516], [527, 528], [527, 539], [553, 554], [583, 584], [615, 616], [664, 663], [664, 669], [905, 904], [905, 911], [922, 921], [922, 928], [969, 968], [969, 974], [980, 979], [980, 985], [991, 990], [991, 996], [1002, 1001], [1002, 1010]], "missing_branches": [[21, 22], [40, -40], [40, -30], [95, 96], [95, 169], [102, 104], [102, 141], [106, 107], [106, 118], [107, 115], [107, 130], [115, 107], [115, 116], [118, 119], [118, 121], [130, 131], [130, 135], [135, 136], [135, 138], [145, 146], [145, 147], [151, 152], [151, 162], [175, 178], [183, 184], [183, 186], [188, 189], [188, 204], [224, 226], [224, 273], [240, 241], [240, 257], [273, 274], [273, 286], [308, 309], [308, 320], [338, 339], [338, 349], [369, 370], [369, 381], [396, 397], [396, 409], [430, 431], [430, 434], [438, 439], [438, 440], [440, 441], [440, 452], [471, 473], [471, 474], [474, 475], [474, 486], [553, 566], [583, 595], [615, 627], [641, 642], [641, 653], [713, 715], [713, 728], [763, 764], [763, 772], [773, 774], [773, 776], [776, 777], [776, 779], [779, 780], [779, 782], [782, 783], [782, 788], [790, 791], [790, 796], [796, 798], [796, 799], [799, 801], [799, 815], [840, 842], [840, 855], [893, 894], [893, 898]]}, "app\\core\\errors\\__init__.py": {"executed_lines": [1, 10, 11, 14, 28, 42], "summary": {"covered_lines": 6, "num_statements": 6, "percent_covered": 100.0, "percent_covered_display": "100", "missing_lines": 0, "excluded_lines": 0, "num_branches": 0, "num_partial_branches": 0, "covered_branches": 0, "missing_branches": 0}, "missing_lines": [], "excluded_lines": [], "executed_branches": [], "missing_branches": []}, "app\\core\\errors\\database.py": {"executed_lines": [1, 7, 8, 11, 12, 14, 24, 25, 27, 48, 49, 51, 68, 69, 71, 99, 100, 102, 127, 128, 130, 152, 153, 155, 180, 181, 183, 208, 209, 211, 234, 235, 237, 262], "summary": {"covered_lines": 23, "num_statements": 90, "percent_covered": 17.692307692307693, "percent_covered_display": "18", "missing_lines": 67, "excluded_lines": 0, "num_branches": 40, "num_partial_branches": 0, "covered_branches": 0, "missing_branches": 40}, "missing_lines": [21, 32, 33, 34, 36, 37, 38, 40, 56, 57, 58, 60, 78, 79, 80, 82, 83, 85, 86, 87, 88, 89, 91, 108, 109, 110, 112, 116, 117, 119, 136, 138, 139, 140, 141, 142, 144, 161, 162, 163, 165, 169, 170, 172, 189, 190, 191, 193, 197, 198, 200, 216, 217, 218, 220, 221, 222, 223, 224, 226, 243, 244, 245, 247, 251, 252, 254], "excluded_lines": [], "executed_branches": [], "missing_branches": [[33, 34], [33, 36], [37, 38], [37, 40], [57, 58], [57, 60], [79, 80], [79, 82], [83, 85], [83, 86], [86, 87], [86, 88], [88, 89], [88, 91], [109, 110], [109, 112], [116, 117], [116, 119], [139, 140], [139, 141], [141, 142], [141, 144], [162, 163], [162, 165], [169, 170], [169, 172], [190, 191], [190, 193], [197, 198], [197, 200], [217, 218], [217, 220], [221, 222], [221, 223], [223, 224], [223, 226], [244, 245], [244, 247], [251, 252], [251, 254]]}, "app\\core\\errors\\domain.py": {"executed_lines": [1, 2, 5, 6, 9, 10, 11, 14, 15, 16, 19, 20, 21, 24, 25, 26, 29, 30, 31, 34, 35, 37, 50, 58, 59, 63, 64, 68, 69, 77, 78, 85, 86], "summary": {"covered_lines": 31, "num_statements": 49, "percent_covered": 58.490566037735846, "percent_covered_display": "58", "missing_lines": 18, "excluded_lines": 0, "num_branches": 4, "num_partial_branches": 0, "covered_branches": 0, "missing_branches": 4}, "missing_lines": [44, 45, 46, 47, 48, 51, 60, 65, 70, 71, 72, 73, 74, 79, 80, 81, 82, 87], "excluded_lines": [], "executed_branches": [], "missing_branches": [[72, 73], [72, 74], [80, 81], [80, 82]]}, "app\\core\\errors\\handler.py": {"executed_lines": [1, 2, 3, 5, 8, 11, 12, 14, 15, 37, 38, 40, 49], "summary": {"covered_lines": 11, "num_statements": 20, "percent_covered": 50.0, "percent_covered_display": "50", "missing_lines": 9, "excluded_lines": 0, "num_branches": 6, "num_partial_branches": 0, "covered_branches": 2, "missing_branches": 4}, "missing_lines": [46, 47, 59, 61, 62, 63, 64, 66, 68], "excluded_lines": [], "executed_branches": [[15, -11], [15, 14], [15, 15]], "missing_branches": [[46, -46], [46, 47], [63, 64], [63, 66]]}, "app\\core\\errors\\http.py": {"executed_lines": [1, 2, 3, 5, 8, 13], "summary": {"covered_lines": 6, "num_statements": 9, "percent_covered": 66.66666666666667, "percent_covered_display": "67", "missing_lines": 3, "excluded_lines": 0, "num_branches": 0, "num_partial_branches": 0, "covered_branches": 0, "missing_branches": 0}, "missing_lines": [10, 15, 20], "excluded_lines": [], "executed_branches": [], "missing_branches": []}, "app\\core\\errors\\storage.py": {"executed_lines": [1, 7, 8, 11, 12, 14, 24, 25, 27, 52, 53, 55, 77, 78, 80, 102, 103, 105, 127, 128, 130, 153, 154, 156, 175, 176, 178, 195, 196, 198, 223, 224, 226, 253, 254, 256, 285], "summary": {"covered_lines": 25, "num_statements": 91, "percent_covered": 20.0, "percent_covered_display": "20", "missing_lines": 66, "excluded_lines": 0, "num_branches": 34, "num_partial_branches": 0, "covered_branches": 0, "missing_branches": 34}, "missing_lines": [21, 33, 34, 35, 37, 41, 42, 44, 61, 62, 63, 65, 66, 67, 69, 86, 87, 88, 90, 91, 92, 94, 111, 112, 113, 115, 116, 117, 119, 136, 138, 139, 141, 142, 143, 145, 161, 163, 164, 165, 167, 183, 184, 185, 187, 204, 205, 206, 208, 212, 213, 215, 233, 234, 235, 237, 242, 243, 245, 263, 264, 265, 267, 274, 275, 277], "excluded_lines": [], "executed_branches": [], "missing_branches": [[34, 35], [34, 37], [41, 42], [41, 44], [62, 63], [62, 65], [66, 67], [66, 69], [87, 88], [87, 90], [91, 92], [91, 94], [112, 113], [112, 115], [116, 117], [116, 119], [139, 141], [139, 142], [142, 143], [142, 145], [164, 165], [164, 167], [184, 185], [184, 187], [205, 206], [205, 208], [212, 213], [212, 215], [234, 235], [234, 237], [242, 243], [242, 245], [274, 275], [274, 277]]}, "app\\core\\http_client.py": {"executed_lines": [1, 3, 6, 7, 11, 16, 21], "summary": {"covered_lines": 7, "num_statements": 14, "percent_covered": 50.0, "percent_covered_display": "50", "missing_lines": 7, "excluded_lines": 0, "num_branches": 4, "num_partial_branches": 0, "covered_branches": 2, "missing_branches": 2}, "missing_lines": [8, 13, 18, 23, 24, 25, 26], "excluded_lines": [], "executed_branches": [[7, 6], [7, 11]], "missing_branches": [[23, -21], [23, 24]]}, "app\\main.py": {"executed_lines": [], "summary": {"covered_lines": 0, "num_statements": 146, "percent_covered": 0.0, "percent_covered_display": "0", "missing_lines": 146, "excluded_lines": 0, "num_branches": 38, "num_partial_branches": 0, "covered_branches": 0, "missing_branches": 38}, "missing_lines": [1, 2, 3, 4, 7, 9, 10, 11, 14, 15, 16, 17, 19, 21, 22, 38, 40, 41, 42, 44, 45, 48, 49, 50, 53, 54, 55, 56, 59, 65, 68, 73, 76, 79, 81, 87, 88, 89, 92, 93, 94, 96, 103, 104, 105, 106, 107, 108, 109, 110, 113, 114, 115, 116, 119, 122, 125, 128, 129, 130, 131, 133, 135, 137, 138, 139, 140, 142, 143, 146, 147, 149, 151, 152, 153, 156, 157, 160, 163, 164, 165, 166, 168, 171, 174, 175, 176, 179, 180, 181, 182, 186, 188, 189, 198, 199, 200, 201, 202, 204, 211, 214, 218, 219, 220, 223, 224, 226, 236, 237, 242, 243, 245, 247, 250, 251, 252, 255, 256, 257, 265, 266, 271, 273, 274, 275, 276, 277, 278, 284, 285, 291, 297, 300, 301, 302, 307, 313, 315, 316, 318, 319, 352, 353, 354, 355], "excluded_lines": [], "executed_branches": [], "missing_branches": [[49, 48], [49, 186], [88, 89], [88, 92], [128, 129], [128, 133], [130, 131], [130, 133], [135, 137], [135, 149], [139, 140], [139, 142], [199, 200], [199, 211], [220, 223], [220, 226], [242, 243], [242, 245], [251, 250], [251, 255], [256, 255], [256, 300], [265, 266], [265, 273], [273, 274], [273, 275], [275, 276], [275, 277], [277, 278], [277, 284], [284, 285], [284, 291], [301, 300], [301, 315], [316, 315], [316, 352], [353, -1], [353, 352]]}, "app\\middleware\\permission_middleware.py": {"executed_lines": [2, 3, 4, 5, 6, 7, 10, 13, 16, 47], "summary": {"covered_lines": 10, "num_statements": 35, "percent_covered": 23.25581395348837, "percent_covered_display": "23", "missing_lines": 25, "excluded_lines": 0, "num_branches": 8, "num_partial_branches": 0, "covered_branches": 0, "missing_branches": 8}, "missing_lines": [17, 18, 20, 21, 22, 25, 26, 27, 32, 37, 38, 39, 40, 41, 42, 43, 44, 49, 51, 52, 53, 54, 55, 56, 60], "excluded_lines": [], "executed_branches": [], "missing_branches": [[25, 26], [25, 32], [40, 41], [40, 42], [52, 51], [52, 60], [54, 55], [54, 56]]}, "app\\models\\analytics_models.py": {"executed_lines": [1, 2, 3, 6, 7, 8, 9, 12, 13, 14, 15, 16, 17, 20, 21, 22, 23, 24, 27, 28, 29, 30, 33, 34, 35, 36, 37, 40, 41, 42, 43, 44, 47, 48, 49, 50, 53, 54, 55, 56, 57, 58, 59, 60, 61, 62, 63, 64, 65, 66, 67, 68, 71, 72, 73, 74, 77, 78, 79, 80, 81, 84, 85, 86, 87, 88, 89, 90, 91, 94, 95, 96, 97, 98, 101, 102, 103, 106, 107, 108, 109, 110, 111, 112, 113, 116, 117, 118, 119, 120, 121, 122, 123], "summary": {"covered_lines": 93, "num_statements": 93, "percent_covered": 100.0, "percent_covered_display": "100", "missing_lines": 0, "excluded_lines": 0, "num_branches": 0, "num_partial_branches": 0, "covered_branches": 0, "missing_branches": 0}, "missing_lines": [], "excluded_lines": [], "executed_branches": [], "missing_branches": []}, "app\\models\\permissions.py": {"executed_lines": [1, 2, 3, 5, 6, 7, 8, 9, 12, 18, 30, 47, 66, 81, 82, 83, 84, 85, 86, 87, 88, 89, 90, 91, 92, 93, 94, 95, 96, 97, 98, 99, 100, 101, 102, 103, 104, 105, 106, 107, 108, 109, 110, 113, 127], "summary": {"covered_lines": 44, "num_statements": 63, "percent_covered": 57.142857142857146, "percent_covered_display": "57", "missing_lines": 19, "excluded_lines": 0, "num_branches": 14, "num_partial_branches": 0, "covered_branches": 0, "missing_branches": 14}, "missing_lines": [28, 41, 42, 43, 73, 74, 76, 77, 116, 117, 119, 120, 121, 123, 124, 129, 130, 131, 132], "excluded_lines": [], "executed_branches": [], "missing_branches": [[73, 74], [73, 76], [74, -74], [74, -66], [77, -77], [77, -66], [116, -116], [116, 117], [119, 120], [119, 124], [120, 121], [120, 123], [130, 131], [130, 132]]}, "app\\services\\__init__.py": {"executed_lines": [1, 15, 16, 22, 23, 25], "summary": {"covered_lines": 5, "num_statements": 5, "percent_covered": 100.0, "percent_covered_display": "100", "missing_lines": 0, "excluded_lines": 0, "num_branches": 0, "num_partial_branches": 0, "covered_branches": 0, "missing_branches": 0}, "missing_lines": [], "excluded_lines": [], "executed_branches": [], "missing_branches": []}, "app\\services\\analytics\\__init__.py": {"executed_lines": [1, 6, 7, 11], "summary": {"covered_lines": 3, "num_statements": 3, "percent_covered": 100.0, "percent_covered_display": "100", "missing_lines": 0, "excluded_lines": 0, "num_branches": 0, "num_partial_branches": 0, "covered_branches": 0, "missing_branches": 0}, "missing_lines": [], "excluded_lines": [], "executed_branches": [], "missing_branches": []}, "app\\services\\analytics\\analytics_service.py": {"executed_lines": [1, 2, 3, 4, 5, 7, 8, 9, 10, 13, 16, 17, 23, 24, 25, 28, 29, 32, 34, 36, 37, 38, 39, 40, 49, 50, 52, 53, 54, 56, 58, 59, 60, 62, 73, 74, 76, 85, 87, 89, 90, 94, 95, 96, 97, 98, 100, 101, 102, 103, 104, 107, 108, 109, 113, 130, 132, 133, 169, 171, 172, 173, 174, 175, 176, 177, 178, 179, 180, 181, 182, 183, 184, 185, 186, 187, 188, 189, 204, 205, 207, 215, 216, 217, 218, 219, 220, 221, 222, 223, 224, 233, 234, 240, 241, 249, 250, 251, 252, 255, 256, 257, 262, 266, 269, 270, 271, 272, 275, 277, 305, 306, 307, 309, 315, 316, 317, 318, 319, 321, 322, 323, 325, 326, 327, 328, 329, 330, 333, 335, 343, 344, 345, 363, 412, 415, 416, 417, 418, 419, 420, 448, 451, 452, 454, 455, 456, 457, 458, 478, 495, 512], "summary": {"covered_lines": 151, "num_statements": 252, "percent_covered": 58.038147138964575, "percent_covered_display": "58", "missing_lines": 101, "excluded_lines": 0, "num_branches": 115, "num_partial_branches": 17, "covered_branches": 62, "missing_branches": 53}, "missing_lines": [110, 111, 134, 135, 144, 145, 151, 153, 161, 163, 197, 198, 225, 273, 274, 276, 288, 290, 298, 299, 331, 332, 334, 346, 348, 355, 356, 364, 366, 373, 374, 375, 376, 377, 378, 379, 380, 381, 382, 383, 384, 385, 393, 394, 395, 396, 397, 404, 405, 421, 422, 423, 424, 425, 426, 427, 431, 432, 434, 441, 442, 459, 460, 461, 462, 463, 465, 466, 467, 468, 469, 470, 471, 472, 473, 477, 479, 480, 481, 488, 489, 513, 514, 515, 516, 518, 523, 524, 525, 526, 527, 528, 529, 530, 531, 532, 540, 541, 542, 547, 548], "excluded_lines": [], "executed_branches": [[37, 38], [37, 39], [49, 50], [49, 52], [52, 53], [52, 56], [58, -58], [58, 59], [58, 60], [60, 62], [60, 74], [95, 96], [95, 169], [102, 103], [107, 108], [107, 113], [130, -130], [130, 130], [130, 132], [133, -133], [133, 169], [176, 177], [180, -180], [180, 181], [180, 188], [181, 182], [181, 204], [183, 184], [183, 185], [185, 186], [188, 189], [204, 205], [204, 240], [216, -216], [216, 217], [216, 224], [217, 218], [217, 240], [219, 220], [219, 221], [221, 222], [224, 233], [255, 256], [266, 266], [266, 269], [266, 305], [270, 271], [270, 275], [275, 277], [305, -305], [305, 305], [305, 306], [306, -306], [306, 307], [322, 323], [326, 327], [326, 363], [328, 329], [328, 333], [333, 335], [363, 412], [412, -412], [412, 415], [417, 418], [420, 448], [454, 455], [458, 478], [478, 495]], "missing_branches": [[95, -95], [102, 107], [134, 135], [134, 144], [151, 153], [151, 161], [176, 204], [185, 181], [188, 197], [221, 217], [224, 225], [255, 305], [275, 276], [288, 290], [288, 298], [322, 363], [333, 334], [346, 348], [346, 355], [363, 364], [374, 375], [374, 412], [376, 377], [376, 381], [381, 382], [381, 383], [396, 397], [396, 404], [417, 448], [420, 421], [424, 420], [424, 425], [432, 434], [432, 441], [454, 495], [458, 459], [462, 463], [462, 465], [478, 479], [479, -479], [479, 495], [480, 481], [480, 488], [514, 515], [514, 516], [524, 525], [524, 527], [528, -528], [528, 529], [529, 530], [529, 548], [531, 532], [531, 541]]}, "app\\services\\analytics\\export_service.py": {"executed_lines": [1, 2, 3, 4, 5, 6, 7, 8, 9, 10, 11, 12, 13, 15, 16, 17, 19, 23, 24, 26, 31, 32, 33, 35, 45, 47, 50, 51, 54, 63, 66, 71, 74, 75, 89, 91, 94, 95, 97, 105, 106, 107, 112, 123, 125, 126, 127, 133, 134, 135, 136, 139, 143, 146, 156, 157, 160, 167, 168, 171, 173, 189, 190, 203, 204, 207, 208, 211, 212, 213, 215, 222, 223, 235, 236, 239, 240, 241, 242, 265, 266, 294, 295, 296, 299, 302, 303, 305, 312, 313, 314, 319, 397, 399, 402, 403, 406, 410, 418, 420, 450, 452, 453, 455, 456, 457, 461], "summary": {"covered_lines": 106, "num_statements": 203, "percent_covered": 49.04214559386973, "percent_covered_display": "49", "missing_lines": 97, "excluded_lines": 0, "num_branches": 58, "num_partial_branches": 6, "covered_branches": 22, "missing_branches": 36}, "missing_lines": [20, 243, 244, 245, 246, 252, 253, 259, 260, 261, 262, 267, 269, 277, 278, 290, 291, 321, 322, 323, 325, 326, 331, 335, 340, 341, 344, 345, 346, 347, 348, 349, 350, 351, 352, 353, 354, 355, 356, 357, 358, 361, 362, 363, 364, 365, 366, 367, 369, 370, 371, 372, 375, 378, 379, 380, 381, 382, 384, 385, 386, 393, 394, 395, 407, 411, 412, 413, 415, 416, 422, 424, 425, 426, 427, 429, 430, 432, 433, 434, 435, 437, 438, 439, 440, 442, 444, 446, 448, 458, 459, 463, 464, 465, 466, 467, 468], "excluded_lines": [], "executed_branches": [[19, 23], [50, 51], [50, 54], [74, 75], [74, 91], [126, 127], [126, 133], [134, 135], [134, 139], [207, 208], [207, 294], [212, 213], [242, 265], [266, 294], [402, 403], [402, 406], [403, -403], [403, 403], [403, 406], [406, 410], [410, 418], [452, 453], [452, 455]], "missing_branches": [[19, 20], [212, 239], [242, 243], [245, 246], [245, 252], [266, 267], [341, -341], [341, 344], [344, 345], [344, 375], [349, 350], [349, 354], [362, 363], [362, 369], [380, 381], [380, 382], [406, 407], [407, -407], [407, 410], [410, 411], [415, 416], [415, 418], [424, 425], [424, 448], [426, 427], [426, 429], [432, 433], [432, 437], [434, 435], [434, 437], [437, 438], [437, 442], [439, 440], [439, 442], [464, -461], [464, 465]]}, "app\\services\\auth\\authentication_service.py": {"executed_lines": [1, 12, 13, 14, 15, 17, 20, 21, 34, 35, 36, 37, 39, 40, 42, 52, 54, 55, 56, 58, 59, 61, 62, 63, 65, 75, 76, 77, 78, 81, 83, 85, 86, 87, 88, 91, 100, 101, 103, 104, 105, 106, 107, 108, 110, 121, 122, 124, 126, 127, 128, 131, 132, 134, 144, 146, 156, 158, 159, 160, 161, 162, 163, 164, 166, 169, 171], "summary": {"covered_lines": 65, "num_statements": 76, "percent_covered": 85.29411764705883, "percent_covered_display": "85", "missing_lines": 11, "excluded_lines": 0, "num_branches": 26, "num_partial_branches": 2, "covered_branches": 22, "missing_branches": 4}, "missing_lines": [165, 167, 181, 182, 183, 184, 185, 187, 188, 190, 191], "excluded_lines": [], "executed_branches": [[39, -34], [39, 40], [55, 56], [55, 58], [76, 77], [76, 81], [86, 87], [86, 91], [103, 104], [103, 106], [122, 124], [122, 126], [127, 128], [127, 131], [158, 159], [158, 160], [160, 161], [160, 162], [162, 163], [162, 164], [164, 166], [166, 169]], "missing_branches": [[164, 165], [166, 167], [184, 185], [184, 187]]}, "app\\services\\file_security_service.py": {"executed_lines": [], "summary": {"covered_lines": 0, "num_statements": 49, "percent_covered": 0.0, "percent_covered_display": "0", "missing_lines": 49, "excluded_lines": 0, "num_branches": 20, "num_partial_branches": 0, "covered_branches": 0, "missing_branches": 20}, "missing_lines": [1, 2, 3, 4, 6, 8, 9, 10, 11, 14, 17, 26, 27, 28, 29, 31, 33, 34, 37, 38, 39, 42, 43, 45, 46, 49, 50, 51, 52, 53, 54, 57, 58, 60, 62, 64, 65, 68, 69, 70, 71, 74, 76, 83, 85, 87, 88, 89, 90], "excluded_lines": [], "executed_branches": [], "missing_branches": [[33, 34], [33, 37], [38, 39], [38, 42], [45, 46], [45, 49], [50, 51], [50, 57], [58, 60], [58, 64], [60, 62], [60, 68], [64, 65], [64, 68], [69, 70], [69, 74], [70, 69], [70, 71], [88, 89], [88, 90]]}, "app\\services\\interfaces.py": {"executed_lines": [1, 10, 11, 12, 15, 16, 29, 30, 42, 43, 55, 56, 74, 75, 79, 80, 84, 85, 90, 91, 97, 98, 108, 109, 118, 119, 129, 130, 136, 137, 148, 149, 153, 154, 158, 159, 163, 164, 174, 175, 181, 182, 186, 187, 191, 192, 197, 198, 204, 205, 214, 215, 225, 226, 232, 233, 237, 238, 246, 247, 256, 257, 265, 266, 276, 277, 284, 285, 300, 301, 316, 317, 332, 333], "summary": {"covered_lines": 66, "num_statements": 94, "percent_covered": 81.33333333333333, "percent_covered_display": "81", "missing_lines": 28, "excluded_lines": 0, "num_branches": 56, "num_partial_branches": 0, "covered_branches": 56, "missing_branches": 0}, "missing_lines": [40, 53, 72, 77, 82, 87, 106, 116, 126, 146, 151, 156, 161, 171, 184, 189, 194, 212, 222, 235, 244, 254, 263, 273, 298, 314, 330, 346], "excluded_lines": [], "executed_branches": [[30, 29], [30, 30], [30, 42], [43, 42], [43, 43], [43, 55], [56, 55], [56, 56], [56, 74], [75, 74], [75, 79], [80, 79], [80, 84], [85, -15], [85, 84], [98, 97], [98, 98], [98, 108], [109, 108], [109, 109], [109, 118], [119, -90], [119, 118], [119, 119], [137, 136], [137, 137], [137, 148], [149, 148], [149, 153], [154, 153], [154, 158], [159, 158], [159, 163], [164, -129], [164, 163], [164, 164], [182, 181], [182, 186], [187, 186], [187, 191], [192, -174], [192, 191], [205, 204], [205, 205], [205, 214], [215, -197], [215, 214], [215, 215], [233, 232], [233, 237], [238, 237], [238, 238], [238, 246], [247, 246], [247, 247], [247, 256], [257, 256], [257, 257], [257, 265], [266, -225], [266, 265], [266, 266], [285, 284], [285, 285], [285, 300], [301, 300], [301, 301], [301, 316], [317, 316], [317, 317], [317, 332], [333, -276], [333, 332], [333, 333]], "missing_branches": []}, "app\\services\\jobs\\__init__.py": {"executed_lines": [1, 2, 8], "summary": {"covered_lines": 3, "num_statements": 3, "percent_covered": 100.0, "percent_covered_display": "100", "missing_lines": 0, "excluded_lines": 0, "num_branches": 0, "num_partial_branches": 0, "covered_branches": 0, "missing_branches": 0}, "missing_lines": [], "excluded_lines": [], "executed_branches": [], "missing_branches": []}, "app\\services\\jobs\\analysis_refinement_service.py": {"executed_lines": [], "summary": {"covered_lines": 0, "num_statements": 206, "percent_covered": 0.0, "percent_covered_display": "0", "missing_lines": 206, "excluded_lines": 0, "num_branches": 68, "num_partial_branches": 0, "covered_branches": 0, "missing_branches": 68}, "missing_lines": [1, 2, 3, 4, 5, 6, 7, 8, 10, 11, 13, 16, 19, 20, 21, 22, 25, 26, 28, 45, 47, 48, 49, 52, 53, 56, 59, 70, 75, 77, 79, 80, 81, 82, 84, 93, 102, 103, 105, 106, 108, 110, 117, 118, 119, 120, 121, 122, 124, 125, 132, 135, 143, 145, 146, 148, 153, 154, 157, 159, 161, 162, 163, 164, 165, 166, 168, 169, 170, 171, 172, 173, 175, 176, 178, 180, 181, 182, 183, 184, 185, 186, 187, 188, 189, 191, 192, 193, 195, 202, 203, 204, 205, 207, 208, 209, 212, 217, 218, 223, 229, 231, 232, 233, 234, 235, 236, 237, 239, 240, 242, 243, 244, 245, 246, 247, 248, 249, 250, 251, 253, 254, 255, 256, 258, 263, 264, 265, 266, 268, 269, 270, 272, 273, 278, 283, 290, 292, 293, 294, 295, 296, 297, 298, 300, 302, 303, 304, 305, 306, 307, 309, 311, 312, 313, 315, 326, 328, 329, 330, 333, 334, 336, 338, 345, 346, 347, 348, 349, 350, 352, 363, 365, 366, 367, 370, 371, 374, 385, 391, 392, 393, 394, 395, 396, 398, 411, 413, 414, 415, 418, 419, 422, 423, 424, 425, 427, 429, 436, 437, 438, 439, 440, 441, 443, 445], "excluded_lines": [], "executed_branches": [], "missing_branches": [[48, 49], [48, 52], [52, 53], [52, 56], [75, 77], [75, 79], [102, 103], [102, 105], [117, 118], [117, 120], [125, 124], [125, 195], [132, 135], [132, 143], [153, 154], [153, 157], [162, -124], [162, 163], [163, 162], [163, 164], [168, 169], [168, 178], [181, 182], [181, 185], [185, 186], [185, 189], [207, 208], [207, 212], [232, -195], [232, 233], [233, 232], [233, 234], [235, 236], [235, 239], [243, 244], [243, 248], [245, 246], [245, 248], [268, 269], [268, 272], [293, -258], [293, 294], [294, 293], [294, 295], [295, 296], [295, 300], [300, 294], [300, 302], [306, 307], [306, 309], [329, 330], [329, 333], [333, 334], [333, 336], [345, 346], [345, 348], [366, 367], [366, 370], [370, 371], [370, 374], [391, 392], [391, 394], [414, 415], [414, 418], [418, 419], [418, 422], [436, 437], [436, 439]]}, "app\\services\\jobs\\job_management_service.py": {"executed_lines": [1, 2, 3, 4, 6, 7, 8, 9, 11, 14, 15, 17, 18, 19, 21, 33, 35, 36, 37, 40, 41, 44, 45, 48, 49, 50, 53, 55, 62, 63, 64, 69, 81, 82, 83, 86, 87, 88, 91, 92, 95, 96, 97, 100, 101, 102, 103, 106, 108, 115, 116, 117, 122, 134, 135, 136, 139, 140, 144, 146, 148, 155, 158, 159, 160, 162, 175, 176, 180, 181, 187, 190, 198, 206, 207, 208, 209, 211, 213, 214, 215, 220, 230, 231, 238, 240, 248, 250, 251, 252, 257, 268, 270, 271, 272, 275, 276, 279, 280, 283, 284, 286, 291, 305, 311, 313, 314, 315, 317, 323, 326, 330, 331, 333, 334, 337, 345, 346, 347, 348, 350, 352, 353, 354, 359], "summary": {"covered_lines": 124, "num_statements": 150, "percent_covered": 79.52380952380952, "percent_covered_display": "80", "missing_lines": 26, "excluded_lines": 0, "num_branches": 60, "num_partial_branches": 15, "covered_branches": 43, "missing_branches": 17}, "missing_lines": [65, 66, 67, 118, 119, 120, 141, 156, 157, 177, 216, 217, 218, 253, 254, 255, 298, 299, 300, 301, 302, 303, 355, 356, 357, 361], "excluded_lines": [], "executed_branches": [[36, 37], [36, 40], [40, 41], [40, 44], [44, 45], [44, 48], [62, 63], [82, 83], [82, 86], [87, 88], [87, 91], [91, 92], [91, 95], [100, 101], [102, 103], [115, 116], [135, 136], [135, 139], [140, 144], [155, 158], [176, 180], [181, 187], [181, 213], [198, 206], [207, 208], [207, 211], [213, 214], [240, 248], [240, 250], [250, 251], [271, 272], [271, 275], [275, 276], [275, 279], [279, 280], [279, 283], [314, 315], [314, 317], [317, 323], [317, 352], [330, 331], [330, 333], [337, 345], [346, 347], [346, 350], [352, 353]], "missing_branches": [[62, 65], [100, 102], [102, 106], [115, 118], [140, 141], [155, 156], [176, 177], [181, -181], [198, -198], [213, 216], [240, -240], [250, 253], [298, 299], [298, 301], [317, -317], [337, -337], [352, 355]]}, "app\\services\\jobs\\job_permissions.py": {"executed_lines": [1, 2, 3, 5, 8, 37, 72, 82, 83, 91, 124], "summary": {"covered_lines": 10, "num_statements": 75, "percent_covered": 7.6923076923076925, "percent_covered_display": "8", "missing_lines": 65, "excluded_lines": 0, "num_branches": 55, "num_partial_branches": 0, "covered_branches": 0, "missing_branches": 55}, "missing_lines": [10, 11, 14, 15, 16, 17, 18, 19, 20, 21, 22, 24, 25, 27, 28, 29, 30, 31, 33, 49, 52, 53, 56, 57, 60, 61, 62, 63, 64, 65, 66, 67, 69, 73, 74, 75, 76, 77, 78, 79, 101, 102, 103, 104, 106, 109, 110, 111, 112, 113, 114, 117, 118, 119, 120, 121, 122, 126, 127, 128, 129, 130, 131, 132, 133], "excluded_lines": [], "executed_branches": [], "missing_branches": [[10, 11], [10, 14], [15, 16], [15, 17], [17, 18], [17, 21], [19, 20], [19, 21], [20, -20], [20, 21], [21, 22], [21, 24], [24, 25], [24, 27], [27, 28], [27, 33], [28, 29], [28, 33], [29, 28], [29, 30], [52, 53], [52, 56], [56, 57], [56, 60], [60, 61], [60, 69], [61, 62], [61, 69], [62, 61], [62, 63], [73, 74], [73, 75], [75, 76], [75, 79], [76, 77], [76, 79], [77, 76], [77, 78], [102, 103], [102, 109], [109, 110], [109, 117], [111, 112], [111, 113], [113, -113], [113, 114], [113, 117], [126, 127], [126, 128], [129, 130], [129, 131], [131, 132], [131, 133], [132, -132], [132, -124]]}, "app\\services\\jobs\\job_service.py": {"executed_lines": [1, 2, 3, 4, 6, 7, 8, 9, 10, 12, 15, 16, 21, 22, 23, 25, 26, 27, 28, 29, 31, 32, 34, 35, 37, 38, 40, 41, 42, 43, 44, 45, 48, 49, 51, 52, 53, 54, 55, 56, 57, 59, 61, 63, 68, 69, 72, 75, 88, 91, 92, 94, 95, 96, 97, 99, 101, 102], "summary": {"covered_lines": 57, "num_statements": 57, "percent_covered": 98.66666666666667, "percent_covered_display": "99", "missing_lines": 0, "excluded_lines": 0, "num_branches": 18, "num_partial_branches": 1, "covered_branches": 17, "missing_branches": 1}, "missing_lines": [], "excluded_lines": [], "executed_branches": [[32, -32], [32, -31], [38, -38], [38, -37], [41, 42], [41, 48], [48, 49], [51, 52], [51, 53], [53, 54], [53, 55], [55, 56], [55, 57], [68, 69], [68, 72], [102, -102], [102, -101]], "missing_branches": [[48, 51]]}, "app\\services\\jobs\\job_sharing_service.py": {"executed_lines": [1, 2, 3, 5, 6, 7, 9, 12, 13, 15, 16, 18, 31, 33, 34, 35, 38, 39, 42, 43, 44, 47, 51, 56, 58, 59, 62, 71, 73, 80, 81, 82, 87, 99, 101, 102, 103, 106, 107, 110, 111, 112, 117, 119, 120, 126, 128, 130, 131, 132, 137, 148, 150, 151, 152, 155, 156, 158, 159, 164, 167, 175, 184, 194, 199, 206, 213, 214, 216, 225, 226, 237, 240, 249, 258, 259, 260, 262, 263, 264, 265, 267, 269, 270, 271, 276], "summary": {"covered_lines": 85, "num_statements": 105, "percent_covered": 79.73856209150327, "percent_covered_display": "80", "missing_lines": 20, "excluded_lines": 0, "num_branches": 48, "num_partial_branches": 9, "covered_branches": 37, "missing_branches": 11}, "missing_lines": [48, 83, 84, 85, 133, 134, 135, 165, 177, 178, 179, 180, 181, 182, 233, 234, 272, 273, 274, 278], "excluded_lines": [], "executed_branches": [[34, 35], [34, 38], [38, 39], [38, 42], [43, 44], [43, 47], [47, 51], [51, -51], [51, 51], [51, 56], [56, 58], [56, 62], [80, 81], [102, 103], [102, 106], [106, 107], [106, 110], [110, 111], [110, 128], [112, -112], [112, 112], [112, 117], [117, 119], [117, 126], [130, 131], [151, 152], [151, 155], [158, 159], [159, -159], [159, 159], [159, 164], [164, 167], [216, 225], [216, 269], [226, 237], [249, 258], [262, 263], [262, 267], [263, 262], [263, 264], [269, 270]], "missing_branches": [[47, 48], [80, 83], [130, 133], [158, 164], [164, 165], [177, 178], [177, 180], [216, -216], [226, -226], [249, -249], [269, 272]]}, "app\\services\\monitoring\\__init__.py": {"executed_lines": [1, 10, 11, 12, 14], "summary": {"covered_lines": 4, "num_statements": 4, "percent_covered": 100.0, "percent_covered_display": "100", "missing_lines": 0, "excluded_lines": 0, "num_branches": 0, "num_partial_branches": 0, "covered_branches": 0, "missing_branches": 0}, "missing_lines": [], "excluded_lines": [], "executed_branches": [], "missing_branches": []}, "app\\services\\monitoring\\audit_logging_service.py": {"executed_lines": [1, 12, 13, 14, 15, 16, 18, 21, 22, 23, 26, 27, 40, 41, 42, 44, 79, 80, 82, 84, 85, 86, 87, 88, 90, 91, 93, 94, 112, 113, 114, 116, 117, 118, 120, 182, 209, 244, 259, 291, 314, 363, 412, 461], "summary": {"covered_lines": 42, "num_statements": 116, "percent_covered": 30.357142857142858, "percent_covered_display": "30", "missing_lines": 74, "excluded_lines": 0, "num_branches": 52, "num_partial_branches": 1, "covered_branches": 9, "missing_branches": 43}, "missing_lines": [19, 145, 147, 150, 151, 152, 155, 158, 165, 176, 178, 179, 180, 194, 195, 196, 199, 200, 203, 204, 205, 207, 221, 222, 223, 226, 227, 230, 231, 232, 235, 236, 237, 238, 239, 240, 242, 254, 255, 256, 257, 269, 270, 271, 273, 274, 275, 277, 283, 284, 285, 287, 288, 289, 302, 303, 306, 307, 309, 310, 311, 312, 343, 345, 351, 390, 392, 398, 399, 401, 441, 450, 490, 499], "excluded_lines": [], "executed_branches": [[18, 21], [79, 80], [79, 82], [85, 86], [85, 87], [87, 88], [87, 90], [112, -112], [112, 113], [112, 116]], "missing_branches": [[18, 19], [150, 151], [150, 155], [194, 195], [194, 199], [195, 194], [195, 196], [199, 200], [199, 203], [203, 204], [203, 207], [204, 203], [204, 205], [221, 222], [221, 226], [222, 221], [222, 223], [226, 227], [226, 230], [230, 231], [230, 235], [231, 230], [231, 232], [235, 236], [235, 237], [237, 238], [237, 239], [239, 240], [239, 242], [254, 255], [254, 257], [255, 254], [255, 256], [269, 270], [269, 273], [277, -277], [277, 283], [283, 284], [283, 285], [302, 303], [302, 306], [398, 399], [398, 401]]}, "app\\services\\monitoring\\memory_diagnostics_service.py": {"executed_lines": [1, 12, 13, 14, 15, 16, 18, 21, 22, 26, 27, 32, 33, 50, 51, 54, 55, 57, 58, 60, 61, 62, 64, 66, 68, 69, 70, 71, 75, 84, 85, 87, 92, 93, 94, 99, 100, 103, 104, 106, 116, 117, 118, 120, 121, 122, 129, 130, 131, 132, 134, 141, 142, 152, 153, 154, 155, 173, 189, 206, 231], "summary": {"covered_lines": 59, "num_statements": 101, "percent_covered": 57.6, "percent_covered_display": "58", "missing_lines": 42, "excluded_lines": 0, "num_branches": 24, "num_partial_branches": 1, "covered_branches": 13, "missing_branches": 11}, "missing_lines": [23, 24, 28, 29, 72, 73, 95, 96, 143, 150, 163, 164, 165, 180, 181, 183, 184, 185, 186, 187, 196, 197, 199, 200, 201, 213, 214, 216, 217, 218, 219, 221, 227, 228, 229, 238, 239, 241, 242, 247, 248, 249], "excluded_lines": [], "executed_branches": [[54, 55], [54, 57], [60, 61], [60, 64], [68, -66], [68, 69], [84, 85], [84, 87], [99, 100], [99, 103], [117, 118], [117, 120], [142, 152]], "missing_branches": [[142, 143], [180, 181], [180, 183], [196, 197], [196, 199], [199, -189], [199, 200], [213, 214], [213, 216], [238, 239], [238, 241]]}, "app\\services\\monitoring\\session_tracking_service.py": {"executed_lines": [1, 5, 6, 7, 9, 11, 14, 15, 16, 19, 20, 27, 32, 33, 34, 36, 64, 65, 66, 68, 69, 71, 73, 74, 76, 100, 103, 104, 105, 106, 107, 108, 109, 112, 113, 114, 115, 117, 118, 119, 120, 122, 124, 127, 129, 131, 132, 141, 150, 157, 158, 164, 165, 166, 168, 186, 199, 200, 202, 203, 204, 210, 211, 212, 214, 215, 216, 236, 246, 248, 258, 259, 263, 267, 268, 269, 270, 274], "summary": {"covered_lines": 76, "num_statements": 99, "percent_covered": 73.33333333333333, "percent_covered_display": "73", "missing_lines": 23, "excluded_lines": 0, "num_branches": 36, "num_partial_branches": 11, "covered_branches": 23, "missing_branches": 13}, "missing_lines": [12, 78, 97, 142, 143, 148, 169, 177, 178, 179, 184, 205, 206, 218, 219, 227, 228, 229, 234, 260, 264, 271, 272], "excluded_lines": [], "executed_branches": [[11, 14], [64, 65], [64, 68], [68, 69], [76, 100], [113, 114], [118, 119], [127, -127], [127, 129], [127, 131], [131, 132], [158, -158], [158, 158], [158, 164], [158, 165], [165, 166], [166, 168], [199, 200], [199, 202], [204, 210], [214, -214], [214, 215], [259, 263], [263, 267], [269, 270], [269, 274]], "missing_branches": [[11, 12], [68, 71], [76, 78], [113, 117], [118, 122], [131, 142], [165, 178], [166, 169], [204, 205], [218, 219], [218, 228], [259, 260], [263, 264]]}, "app\\services\\monitoring\\system_health_service.py": {"executed_lines": [1, 4, 5, 6, 7, 8, 9, 10, 11, 12, 13, 14, 15, 18, 19, 20, 24, 27, 28, 30, 31, 32, 33, 34, 35, 36, 38, 47, 49, 50, 51, 54, 56, 67, 69, 76, 77, 78, 80, 82, 85, 92, 93, 96, 98, 99, 101, 103, 104, 106, 107, 110, 111, 112, 117, 119, 121, 122, 124, 125, 126, 128, 130, 131, 133, 134, 135, 136, 139, 141, 152, 155, 156, 157, 158, 159, 163, 166, 167, 168, 169, 170, 174, 176, 178, 183, 184, 185, 188, 192, 193, 196, 200, 201, 204, 209, 211, 213], "summary": {"covered_lines": 96, "num_statements": 103, "percent_covered": 90.64748201438849, "percent_covered_display": "91", "missing_lines": 7, "excluded_lines": 0, "num_branches": 36, "num_partial_branches": 6, "covered_branches": 30, "missing_branches": 6}, "missing_lines": [21, 22, 161, 172, 189, 197, 207], "excluded_lines": [], "executed_branches": [[103, 104], [103, 106], [110, 111], [110, 119], [112, 117], [112, 124], [130, 131], [130, 139], [155, 156], [155, 163], [156, 157], [156, 158], [158, 159], [166, 167], [166, 174], [167, 168], [167, 169], [169, 170], [183, -183], [183, 183], [183, 184], [184, -184], [184, 184], [184, 185], [185, -185], [185, 185], [185, 188], [188, 192], [192, 193], [192, 196], [196, 200], [200, 201], [200, 204], [204, 204], [204, 209]], "missing_branches": [[112, -112], [158, 161], [169, 172], [188, 189], [196, 197], [204, 207]]}, "app\\services\\processing\\__init__.py": {"executed_lines": [1, 10, 12], "summary": {"covered_lines": 2, "num_statements": 2, "percent_covered": 100.0, "percent_covered_display": "100", "missing_lines": 0, "excluded_lines": 0, "num_branches": 0, "num_partial_branches": 0, "covered_branches": 0, "missing_branches": 0}, "missing_lines": [], "excluded_lines": [], "executed_branches": [], "missing_branches": []}, "app\\services\\processing\\background_service.py": {"executed_lines": [1, 4, 5, 6, 7, 8, 9, 10, 12, 21, 22, 24, 25, 26, 27, 30, 31, 33, 34, 35, 36, 37, 38, 40, 41, 43, 44, 45, 46, 47, 48, 49, 50, 51, 52, 53, 54, 56, 58, 59, 60, 61, 62, 63, 64, 66, 68, 82, 83, 85, 86, 87, 88, 89, 90, 92, 94, 95, 96, 97, 98, 99, 100, 102, 104, 105, 106, 107, 109, 111, 112, 114, 115, 116, 118, 119, 121, 127, 128, 129, 130, 131, 132, 136, 137, 138, 139, 140, 141, 143, 144, 145, 150, 152, 164, 165, 168, 176, 177, 179, 187, 189, 190, 191, 192, 194, 195, 196, 197, 199, 200, 201, 202, 204, 211, 213, 216, 217, 218, 219, 226, 234, 235, 237, 241, 242, 244, 245, 246, 247, 248, 249, 250, 251, 252, 253, 254, 260, 268, 270, 279, 280, 282, 283, 285, 293, 295, 303, 304, 306, 307, 309, 397, 473, 475, 476, 478, 480, 485, 487, 489, 491, 497, 498, 500, 501, 503, 505], "summary": {"covered_lines": 164, "num_statements": 242, "percent_covered": 69.3103448275862, "percent_covered_display": "69", "missing_lines": 78, "excluded_lines": 0, "num_branches": 48, "num_partial_branches": 3, "covered_branches": 37, "missing_branches": 11}, "missing_lines": [146, 147, 214, 221, 222, 223, 224, 255, 256, 257, 258, 311, 312, 316, 317, 319, 320, 321, 324, 329, 332, 339, 340, 343, 344, 345, 347, 353, 356, 358, 366, 367, 368, 370, 376, 377, 379, 381, 382, 385, 387, 388, 393, 394, 395, 399, 400, 401, 403, 404, 408, 411, 416, 419, 422, 423, 424, 427, 428, 431, 434, 440, 442, 444, 445, 448, 449, 454, 455, 456, 457, 458, 461, 463, 464, 469, 470, 471], "excluded_lines": [], "executed_branches": [[60, 61], [60, 62], [62, 63], [62, 64], [94, 95], [94, 100], [95, 96], [95, 99], [105, -102], [105, 106], [114, -109], [114, 115], [138, 139], [140, 141], [140, 143], [144, 145], [144, 150], [194, 195], [194, 199], [211, 204], [211, 226], [213, 216], [234, 235], [234, 237], [241, 242], [241, 244], [251, 252], [480, -480], [480, 480], [480, 485], [485, -485], [485, -478], [491, -491], [491, 491], [491, 497], [497, 498], [497, 500], [500, -487], [500, 501]], "missing_branches": [[138, 144], [213, 214], [251, 255], [319, 320], [319, 324], [366, 367], [366, 370], [419, 422], [419, 427], [444, 445], [444, 457]]}, "app\\services\\prompts\\__init__.py": {"executed_lines": [1, 8, 9, 11], "summary": {"covered_lines": 3, "num_statements": 3, "percent_covered": 100.0, "percent_covered_display": "100", "missing_lines": 0, "excluded_lines": 0, "num_branches": 0, "num_partial_branches": 0, "covered_branches": 0, "missing_branches": 0}, "missing_lines": [], "excluded_lines": [], "executed_branches": [], "missing_branches": []}, "app\\services\\prompts\\prompt_service.py": {"executed_lines": [1, 7, 8, 9, 10, 12, 13, 15, 18, 19, 20, 21, 24, 25, 26, 27, 28, 29, 37, 39, 40, 42, 43, 44, 45, 46, 48, 49, 51, 52, 53, 54, 58, 59, 61, 62, 64, 65, 66, 67, 68, 69, 70, 72, 73, 74, 75, 77, 78, 80, 81, 82, 84, 88, 89, 90, 93, 95, 96, 99, 100, 101, 102, 104, 105, 116, 118, 119, 121, 122, 123, 124, 125, 129, 131, 132, 134, 135, 137, 138, 139, 140, 144, 145, 147, 148, 150, 151, 152, 153, 154, 155, 156, 157, 158, 159, 160, 161, 163, 164, 166, 167, 168, 169, 171, 172, 174, 175, 176, 177, 178, 180, 181, 182, 188, 189, 190, 197, 199, 201, 202], "summary": {"covered_lines": 120, "num_statements": 120, "percent_covered": 100.0, "percent_covered_display": "100", "missing_lines": 0, "excluded_lines": 0, "num_branches": 38, "num_partial_branches": 0, "covered_branches": 38, "missing_branches": 0}, "missing_lines": [], "excluded_lines": [], "executed_branches": [[40, -40], [40, -39], [49, -49], [49, -48], [62, -62], [62, -61], [68, 69], [68, 70], [72, 73], [72, 74], [78, -78], [78, -77], [89, 90], [89, 93], [96, -96], [96, -95], [119, -119], [119, -118], [124, 125], [124, 131], [135, -135], [135, -134], [148, -148], [148, -147], [154, 155], [154, 156], [164, -164], [164, -163], [172, -172], [172, -171], [181, 182], [181, 199], [188, 189], [188, 197], [189, 188], [189, 190], [202, -202], [202, -201]], "missing_branches": []}, "app\\services\\prompts\\talking_points_service.py": {"executed_lines": [1, 8, 9, 10, 11, 13, 15, 18, 19, 20, 21, 22, 23, 24, 25, 26, 27, 29, 34, 37, 38, 39, 44, 45, 48, 49, 50, 51, 53, 54, 57, 58, 60, 62, 63, 65, 67, 69, 71, 72, 74, 75, 76, 77, 78, 79, 81, 83, 84, 86, 87, 89, 90, 91, 92, 93, 95, 96, 98, 100, 101, 102, 103, 105, 107, 109, 110, 114, 120, 136, 138, 139, 140, 141, 143, 144, 145, 147, 149, 150, 151, 156, 157, 158, 162, 163, 164, 165, 166, 171, 172, 173, 174, 176, 179, 182, 183, 190, 191, 194, 196, 208, 209, 213, 214, 215, 217, 219, 232, 233, 235, 236, 237, 239, 240, 241, 242, 244, 256, 257, 259, 261, 262, 264, 266, 267, 268, 270, 283, 285, 286, 287, 289, 303, 305, 306, 307, 317, 318, 319, 320, 322, 337, 338, 340, 342, 344, 357, 359, 360, 362, 363, 364, 367, 370, 371, 373, 374, 375, 386, 388, 404, 405, 406, 407, 408, 409, 410, 411, 412, 414, 421], "summary": {"covered_lines": 167, "num_statements": 175, "percent_covered": 95.65217391304348, "percent_covered_display": "96", "missing_lines": 8, "excluded_lines": 0, "num_branches": 78, "num_partial_branches": 3, "covered_branches": 75, "missing_branches": 3}, "missing_lines": [116, 117, 118, 378, 380, 381, 383, 384], "excluded_lines": [], "executed_branches": [[71, 72], [71, 74], [75, 76], [75, 83], [76, 77], [76, 78], [78, 79], [78, 81], [83, 84], [83, 89], [84, 86], [84, 87], [89, 90], [89, 105], [91, 92], [91, 93], [93, 95], [93, 100], [95, 96], [95, 98], [105, 107], [105, 109], [109, 110], [109, 114], [139, 140], [139, 217], [140, 141], [140, 143], [144, 145], [144, 147], [149, 150], [149, 208], [150, 151], [150, 156], [171, 172], [171, 182], [173, 174], [173, 176], [182, 183], [182, 190], [190, 191], [190, 194], [208, 139], [208, 209], [235, 236], [235, 264], [235, 266], [236, 237], [236, 239], [240, 241], [240, 261], [241, 242], [241, 244], [256, 257], [256, 259], [261, 262], [286, 287], [286, 337], [286, 342], [287, 289], [287, 303], [303, 305], [303, 320], [306, 307], [306, 318], [318, 319], [320, 286], [320, 322], [360, 362], [360, 370], [362, 363], [362, 367], [371, 373], [371, 386], [373, 374], [406, 407], [406, 409]], "missing_branches": [[261, 235], [318, 286], [373, 378]]}, "app\\services\\storage\\__init__.py": {"executed_lines": [1, 10, 11, 13], "summary": {"covered_lines": 3, "num_statements": 3, "percent_covered": 100.0, "percent_covered_display": "100", "missing_lines": 0, "excluded_lines": 0, "num_branches": 0, "num_partial_branches": 0, "covered_branches": 0, "missing_branches": 0}, "missing_lines": [], "excluded_lines": [], "executed_branches": [], "missing_branches": []}, "app\\services\\storage\\blob_service.py": {"executed_lines": [1, 2, 3, 4, 5, 6, 7, 8, 9, 10, 11, 14, 15, 16, 17, 21, 22, 23, 25, 26, 29, 33, 35, 36, 37, 40, 41, 42, 43, 45, 46, 49, 51, 61, 67, 76, 78, 79, 80, 82, 84, 85, 87, 88, 89, 90, 91, 92, 94, 96, 97, 100, 101, 106, 107, 108, 110, 112, 115, 116, 117, 119, 121, 122, 123, 124, 125, 126, 128, 130, 131, 132, 133, 134, 135, 138, 141, 142, 145, 147, 148, 151, 152, 156, 158, 164, 171, 173, 176, 179, 182, 183, 184, 185, 188, 190, 192, 193, 194, 197, 198, 199, 202, 205, 206, 207, 210, 213, 215, 216, 217, 219, 220, 221, 223, 240, 241, 243, 244, 245, 250, 251, 257, 258, 260, 261, 262, 264, 266, 268, 271, 279, 282, 285, 286, 288, 289, 290, 291, 292, 293, 294, 295, 298], "summary": {"covered_lines": 144, "num_statements": 148, "percent_covered": 95.91836734693878, "percent_covered_display": "96", "missing_lines": 4, "excluded_lines": 0, "num_branches": 48, "num_partial_branches": 4, "covered_branches": 44, "missing_branches": 4}, "missing_lines": [149, 153, 246, 267], "excluded_lines": [], "executed_branches": [[21, 22], [21, 25], [36, 37], [36, 40], [42, 43], [42, 45], [49, 51], [49, 61], [84, 85], [84, 87], [88, 89], [88, 91], [116, 117], [116, 119], [116, 121], [121, 122], [121, 124], [147, 148], [147, 205], [148, 151], [152, 156], [158, 158], [158, 164], [158, 179], [182, 183], [182, 202], [184, 185], [184, 188], [188, 190], [188, 197], [240, 241], [240, 243], [245, 250], [250, 251], [250, 257], [258, 260], [258, 264], [266, 268], [279, -223], [279, 282], [279, 288], [285, 279], [285, 286], [288, 289], [288, 291], [291, 292], [291, 294]], "missing_branches": [[148, 149], [152, 153], [245, 246], [266, 267]]}, "app\\services\\storage\\file_security_service.py": {"executed_lines": [1, 2, 3, 4, 6, 8, 9, 14, 15, 17, 26, 31, 83], "summary": {"covered_lines": 12, "num_statements": 49, "percent_covered": 17.391304347826086, "percent_covered_display": "17", "missing_lines": 37, "excluded_lines": 0, "num_branches": 20, "num_partial_branches": 0, "covered_branches": 0, "missing_branches": 20}, "missing_lines": [10, 11, 27, 28, 29, 33, 34, 37, 38, 39, 42, 43, 45, 46, 49, 50, 51, 52, 53, 54, 57, 58, 60, 62, 64, 65, 68, 69, 70, 71, 74, 76, 85, 87, 88, 89, 90], "excluded_lines": [], "executed_branches": [], "missing_branches": [[33, 34], [33, 37], [38, 39], [38, 42], [45, 46], [45, 49], [50, 51], [50, 57], [58, 60], [58, 64], [60, 62], [60, 68], [64, 65], [64, 68], [69, 70], [69, 74], [70, 69], [70, 71], [88, 89], [88, 90]]}, "app\\utils\\async_utils.py": {"executed_lines": [1, 2, 4, 7, 14], "summary": {"covered_lines": 5, "num_statements": 5, "percent_covered": 100.0, "percent_covered_display": "100", "missing_lines": 0, "excluded_lines": 0, "num_branches": 0, "num_partial_branches": 0, "covered_branches": 0, "missing_branches": 0}, "missing_lines": [], "excluded_lines": [], "executed_branches": [], "missing_branches": []}, "app\\utils\\jwt_utils.py": {"executed_lines": [1, 2, 3, 4, 6, 8, 9, 11, 31, 39], "summary": {"covered_lines": 10, "num_statements": 25, "percent_covered": 37.03703703703704, "percent_covered_display": "37", "missing_lines": 15, "excluded_lines": 0, "num_branches": 2, "num_partial_branches": 0, "covered_branches": 0, "missing_branches": 2}, "missing_lines": [20, 21, 22, 23, 29, 33, 34, 35, 36, 37, 45, 46, 48, 49, 50], "excluded_lines": [], "executed_branches": [], "missing_branches": [[48, 49], [48, 50]]}, "app\\utils\\logging_config.py": {"executed_lines": [1, 4, 5, 6, 9, 45, 56, 58, 61, 64, 70, 83, 97], "summary": {"covered_lines": 12, "num_statements": 33, "percent_covered": 35.13513513513514, "percent_covered_display": "35", "missing_lines": 21, "excluded_lines": 0, "num_branches": 4, "num_partial_branches": 1, "covered_branches": 1, "missing_branches": 3}, "missing_lines": [18, 28, 29, 30, 31, 32, 35, 36, 39, 40, 42, 59, 66, 67, 80, 92, 93, 94, 106, 107, 108], "excluded_lines": [], "executed_branches": [[58, 61]], "missing_branches": [[35, 36], [35, 39], [58, 59]]}}, "totals": {"covered_lines": 2086, "num_statements": 3673, "percent_covered": 54.92928878868621, "percent_covered_display": "55", "missing_lines": 1587, "excluded_lines": 0, "num_branches": 1206, "num_partial_branches": 89, "covered_branches": 594, "missing_branches": 612}}